2014-07-02 10:29:31 Error: [PrivateActionException] Private Action UsersController::mobile_login() is not directly accessible.
Exception Attributes: array (
  'controller' => 'UsersController',
  'action' => 'mobile_login',
)
Request URL: /
Stack Trace:
#0 /Users/justice/PHP/HJZX/lib/Cake/Routing/Dispatcher.php(191): Controller->invokeAction(Object(CakeRequest))
#1 /Users/justice/PHP/HJZX/lib/Cake/Routing/Dispatcher.php(165): Dispatcher->_invoke(Object(UsersController), Object(CakeRequest))
#2 /Users/justice/PHP/HJZX/app/webroot/index.php(108): Dispatcher->dispatch(Object(CakeRequest), Object(CakeResponse))
#3 /Users/justice/PHP/HJZX/index.php(41): require('/Users/justice/...')
#4 {main}
2014-07-02 10:30:32 Error: [PrivateActionException] Private Action UsersController::mobile_login() is not directly accessible.
Exception Attributes: array (
  'controller' => 'UsersController',
  'action' => 'mobile_login',
)
Request URL: /
Stack Trace:
#0 /Users/justice/PHP/HJZX/lib/Cake/Routing/Dispatcher.php(191): Controller->invokeAction(Object(CakeRequest))
#1 /Users/justice/PHP/HJZX/lib/Cake/Routing/Dispatcher.php(165): Dispatcher->_invoke(Object(UsersController), Object(CakeRequest))
#2 /Users/justice/PHP/HJZX/app/webroot/index.php(108): Dispatcher->dispatch(Object(CakeRequest), Object(CakeResponse))
#3 /Users/justice/PHP/HJZX/index.php(41): require('/Users/justice/...')
#4 {main}
2014-07-02 10:30:38 Error: [PrivateActionException] Private Action UsersController::mobile_login() is not directly accessible.
Exception Attributes: array (
  'controller' => 'UsersController',
  'action' => 'mobile_login',
)
Request URL: /
Stack Trace:
#0 /Users/justice/PHP/HJZX/lib/Cake/Routing/Dispatcher.php(191): Controller->invokeAction(Object(CakeRequest))
#1 /Users/justice/PHP/HJZX/lib/Cake/Routing/Dispatcher.php(165): Dispatcher->_invoke(Object(UsersController), Object(CakeRequest))
#2 /Users/justice/PHP/HJZX/app/webroot/index.php(108): Dispatcher->dispatch(Object(CakeRequest), Object(CakeResponse))
#3 /Users/justice/PHP/HJZX/index.php(41): require('/Users/justice/...')
#4 {main}
2014-07-03 10:53:11 Error: [MissingControllerException] Controller class MobileController could not be found.
Exception Attributes: array (
  'class' => 'MobileController',
  'plugin' => NULL,
)
Request URL: /mobile/
Stack Trace:
#0 /Users/justice/PHP/HJZX/app/webroot/index.php(108): Dispatcher->dispatch(Object(CakeRequest), Object(CakeResponse))
#1 {main}
2014-07-03 11:32:58 Error: Fatal Error (1): Class 'getCourses' not found in [/Users/justice/PHP/HJZX/app/Controller/UsersController.php, line 166]
2014-07-03 11:32:58 Error: [FatalErrorException] Class 'getCourses' not found
Request URL: /Mobile/Users/register
Stack Trace:
#0 /Users/justice/PHP/HJZX/lib/Cake/Error/ErrorHandler.php(203): ErrorHandler::handleFatalError(1, 'Class 'getCours...', '/Users/justice/...', 166)
#1 [internal function]: ErrorHandler::handleError(1, 'Class 'getCours...', '/Users/justice/...', 166, Array)
#2 /Users/justice/PHP/HJZX/lib/Cake/Core/App.php(929): call_user_func('ErrorHandler::h...', 1, 'Class 'getCours...', '/Users/justice/...', 166, Array)
#3 /Users/justice/PHP/HJZX/lib/Cake/Core/App.php(902): App::_checkFatalError()
#4 [internal function]: App::shutdown()
#5 {main}
2014-07-03 11:35:02 Error: Fatal Error (1): Class 'getCourses' not found in [/Users/justice/PHP/HJZX/app/Controller/UsersController.php, line 166]
2014-07-03 11:35:02 Error: [FatalErrorException] Class 'getCourses' not found
Request URL: /Mobile/Users/register
Stack Trace:
#0 /Users/justice/PHP/HJZX/lib/Cake/Error/ErrorHandler.php(203): ErrorHandler::handleFatalError(1, 'Class 'getCours...', '/Users/justice/...', 166)
#1 [internal function]: ErrorHandler::handleError(1, 'Class 'getCours...', '/Users/justice/...', 166, Array)
#2 /Users/justice/PHP/HJZX/lib/Cake/Core/App.php(929): call_user_func('ErrorHandler::h...', 1, 'Class 'getCours...', '/Users/justice/...', 166, Array)
#3 /Users/justice/PHP/HJZX/lib/Cake/Core/App.php(902): App::_checkFatalError()
#4 [internal function]: App::shutdown()
#5 {main}
2014-07-03 11:35:06 Error: Fatal Error (1): Class 'getCourses' not found in [/Users/justice/PHP/HJZX/app/Controller/UsersController.php, line 166]
2014-07-03 11:35:06 Error: [FatalErrorException] Class 'getCourses' not found
Request URL: /Mobile/Users/register
Stack Trace:
#0 /Users/justice/PHP/HJZX/lib/Cake/Error/ErrorHandler.php(203): ErrorHandler::handleFatalError(1, 'Class 'getCours...', '/Users/justice/...', 166)
#1 [internal function]: ErrorHandler::handleError(1, 'Class 'getCours...', '/Users/justice/...', 166, Array)
#2 /Users/justice/PHP/HJZX/lib/Cake/Core/App.php(929): call_user_func('ErrorHandler::h...', 1, 'Class 'getCours...', '/Users/justice/...', 166, Array)
#3 /Users/justice/PHP/HJZX/lib/Cake/Core/App.php(902): App::_checkFatalError()
#4 [internal function]: App::shutdown()
#5 {main}
2014-07-03 11:35:36 Error: Fatal Error (1): Class 'getCourses' not found in [/Users/justice/PHP/HJZX/app/Controller/UsersController.php, line 166]
2014-07-03 11:35:36 Error: [FatalErrorException] Class 'getCourses' not found
Request URL: /Mobile/Users/register
Stack Trace:
#0 /Users/justice/PHP/HJZX/lib/Cake/Error/ErrorHandler.php(203): ErrorHandler::handleFatalError(1, 'Class 'getCours...', '/Users/justice/...', 166)
#1 [internal function]: ErrorHandler::handleError(1, 'Class 'getCours...', '/Users/justice/...', 166, Array)
#2 /Users/justice/PHP/HJZX/lib/Cake/Core/App.php(929): call_user_func('ErrorHandler::h...', 1, 'Class 'getCours...', '/Users/justice/...', 166, Array)
#3 /Users/justice/PHP/HJZX/lib/Cake/Core/App.php(902): App::_checkFatalError()
#4 [internal function]: App::shutdown()
#5 {main}
2014-07-03 11:36:59 Error: Fatal Error (1): Call to a member function find() on a non-object in [/Users/justice/PHP/HJZX/app/Vendor/getCourses.php, line 72]
2014-07-03 11:36:59 Error: [FatalErrorException] Call to a member function find() on a non-object
Request URL: /Mobile/Users/register
Stack Trace:
#0 /Users/justice/PHP/HJZX/lib/Cake/Error/ErrorHandler.php(203): ErrorHandler::handleFatalError(1, 'Call to a membe...', '/Users/justice/...', 72)
#1 [internal function]: ErrorHandler::handleError(1, 'Call to a membe...', '/Users/justice/...', 72, Array)
#2 /Users/justice/PHP/HJZX/lib/Cake/Core/App.php(929): call_user_func('ErrorHandler::h...', 1, 'Call to a membe...', '/Users/justice/...', 72, Array)
#3 /Users/justice/PHP/HJZX/lib/Cake/Core/App.php(902): App::_checkFatalError()
#4 [internal function]: App::shutdown()
#5 {main}
2014-07-03 11:37:13 Error: [MissingTableException] Table courses for model Course was not found in datasource default.
Exception Attributes: array (
  'table' => 'courses',
  'class' => 'Course',
  'ds' => 'default',
)
Request URL: /Mobile/Users/register
Stack Trace:
#0 /Users/justice/PHP/HJZX/lib/Cake/Model/Model.php(3501): Model->setSource('courses')
#1 /Users/justice/PHP/HJZX/lib/Cake/Model/Model.php(800): Model->getDataSource()
#2 /Users/justice/PHP/HJZX/app/Controller/UsersController.php(172): Model->__call('findAllByNameAn...', Array)
#3 /Users/justice/PHP/HJZX/app/Controller/UsersController.php(172): Course->findAllByNameAndTeacherName('???????????????...', '?????????')
#4 [internal function]: UsersController->Mobile_register()
#5 /Users/justice/PHP/HJZX/lib/Cake/Controller/Controller.php(490): ReflectionMethod->invokeArgs(Object(UsersController), Array)
#6 /Users/justice/PHP/HJZX/lib/Cake/Routing/Dispatcher.php(191): Controller->invokeAction(Object(CakeRequest))
#7 /Users/justice/PHP/HJZX/lib/Cake/Routing/Dispatcher.php(165): Dispatcher->_invoke(Object(UsersController), Object(CakeRequest))
#8 /Users/justice/PHP/HJZX/app/webroot/index.php(108): Dispatcher->dispatch(Object(CakeRequest), Object(CakeResponse))
#9 {main}
2014-07-03 11:37:41 Error: [MissingTableException] Table courses for model Course was not found in datasource default.
Exception Attributes: array (
  'table' => 'courses',
  'class' => 'Course',
  'ds' => 'default',
)
Request URL: /Mobile/Users/register
Stack Trace:
#0 /Users/justice/PHP/HJZX/lib/Cake/Model/Model.php(3501): Model->setSource('courses')
#1 /Users/justice/PHP/HJZX/lib/Cake/Model/Model.php(800): Model->getDataSource()
#2 /Users/justice/PHP/HJZX/app/Controller/UsersController.php(172): Model->__call('findAllByNameAn...', Array)
#3 /Users/justice/PHP/HJZX/app/Controller/UsersController.php(172): Course->findAllByNameAndTeacherName('???????????????...', '?????????')
#4 [internal function]: UsersController->Mobile_register()
#5 /Users/justice/PHP/HJZX/lib/Cake/Controller/Controller.php(490): ReflectionMethod->invokeArgs(Object(UsersController), Array)
#6 /Users/justice/PHP/HJZX/lib/Cake/Routing/Dispatcher.php(191): Controller->invokeAction(Object(CakeRequest))
#7 /Users/justice/PHP/HJZX/lib/Cake/Routing/Dispatcher.php(165): Dispatcher->_invoke(Object(UsersController), Object(CakeRequest))
#8 /Users/justice/PHP/HJZX/app/webroot/index.php(108): Dispatcher->dispatch(Object(CakeRequest), Object(CakeResponse))
#9 {main}
2014-07-03 11:44:38 Error: Fatal Error (1): Call to a member function find() on a non-object in [/Users/justice/PHP/HJZX/app/Vendor/getCourses.php, line 72]
2014-07-03 11:44:38 Error: [FatalErrorException] Call to a member function find() on a non-object
Request URL: /Mobile/Users/register
Stack Trace:
#0 /Users/justice/PHP/HJZX/lib/Cake/Error/ErrorHandler.php(203): ErrorHandler::handleFatalError(1, 'Call to a membe...', '/Users/justice/...', 72)
#1 [internal function]: ErrorHandler::handleError(1, 'Call to a membe...', '/Users/justice/...', 72, Array)
#2 /Users/justice/PHP/HJZX/lib/Cake/Core/App.php(929): call_user_func('ErrorHandler::h...', 1, 'Call to a membe...', '/Users/justice/...', 72, Array)
#3 /Users/justice/PHP/HJZX/lib/Cake/Core/App.php(902): App::_checkFatalError()
#4 [internal function]: App::shutdown()
#5 {main}
2014-07-03 12:06:22 Error: [MissingTableException] Table course_user_ships for model CourseUserShip was not found in datasource default.
Exception Attributes: array (
  'table' => 'course_user_ships',
  'class' => 'CourseUserShip',
  'ds' => 'default',
)
Request URL: /Mobile/Users/register
Stack Trace:
#0 /Users/justice/PHP/HJZX/lib/Cake/Model/Model.php(3501): Model->setSource('course_user_shi...')
#1 /Users/justice/PHP/HJZX/lib/Cake/Model/Model.php(1357): Model->getDataSource()
#2 /Users/justice/PHP/HJZX/lib/Cake/Model/Datasource/DboSource.php(2494): Model->schema()
#3 /Users/justice/PHP/HJZX/lib/Cake/Model/Datasource/DboSource.php(1735): DboSource->fields(Object(CourseUserShip), 'CourseUserShip', '')
#4 /Users/justice/PHP/HJZX/lib/Cake/Model/Datasource/DboSource.php(1238): DboSource->generateAssociationQuery(Object(Course), Object(CourseUserShip), 'hasMany', 'CourseUserShip', Array, Array, true)
#5 /Users/justice/PHP/HJZX/lib/Cake/Model/Datasource/DboSource.php(1142): DboSource->queryAssociation(Object(Course), Object(CourseUserShip), 'hasMany', 'CourseUserShip', Array, Array, true, Array, 0, Array)
#6 /Users/justice/PHP/HJZX/lib/Cake/Model/Model.php(2905): DboSource->read(Object(Course), Array)
#7 /Users/justice/PHP/HJZX/lib/Cake/Model/Model.php(2877): Model->_readDataSource('all', Array)
#8 /Users/justice/PHP/HJZX/lib/Cake/Model/Datasource/DboSource.php(592): Model->find('all', Array)
#9 /Users/justice/PHP/HJZX/lib/Cake/Model/Model.php(800): DboSource->query('findAllByNameAn...', Array, Object(Course))
#10 /Users/justice/PHP/HJZX/app/Controller/UsersController.php(171): Model->__call('findAllByNameAn...', Array)
#11 /Users/justice/PHP/HJZX/app/Controller/UsersController.php(171): Course->findAllByNameAndTeacherName('???????????????...', '?????????')
#12 [internal function]: UsersController->Mobile_register()
#13 /Users/justice/PHP/HJZX/lib/Cake/Controller/Controller.php(490): ReflectionMethod->invokeArgs(Object(UsersController), Array)
#14 /Users/justice/PHP/HJZX/lib/Cake/Routing/Dispatcher.php(191): Controller->invokeAction(Object(CakeRequest))
#15 /Users/justice/PHP/HJZX/lib/Cake/Routing/Dispatcher.php(165): Dispatcher->_invoke(Object(UsersController), Object(CakeRequest))
#16 /Users/justice/PHP/HJZX/app/webroot/index.php(108): Dispatcher->dispatch(Object(CakeRequest), Object(CakeResponse))
#17 {main}
2014-07-03 12:19:33 Error: [PDOException] SQLSTATE[42S22]: Column not found: 1054 Unknown column 'CourseInfo.course_id' in 'field list'
Request URL: /Mobile/Users/register
Stack Trace:
#0 /Users/justice/PHP/HJZX/lib/Cake/Model/Datasource/DboSource.php(458): PDOStatement->execute(Array)
#1 /Users/justice/PHP/HJZX/lib/Cake/Model/Datasource/DboSource.php(424): DboSource->_execute('SELECT `CourseI...', Array)
#2 /Users/justice/PHP/HJZX/lib/Cake/Model/Datasource/DboSource.php(666): DboSource->execute('SELECT `CourseI...', Array, Array)
#3 /Users/justice/PHP/HJZX/lib/Cake/Model/Datasource/DboSource.php(1421): DboSource->fetchAll('SELECT `CourseI...', false)
#4 /Users/justice/PHP/HJZX/lib/Cake/Model/Datasource/DboSource.php(1259): DboSource->_fetchHasMany(Object(Course), 'SELECT `CourseI...', Array)
#5 /Users/justice/PHP/HJZX/lib/Cake/Model/Datasource/DboSource.php(1142): DboSource->queryAssociation(Object(Course), Object(CourseInfo), 'hasMany', 'CourseInfo', Array, Array, true, Array, 0, Array)
#6 /Users/justice/PHP/HJZX/lib/Cake/Model/Model.php(2905): DboSource->read(Object(Course), Array)
#7 /Users/justice/PHP/HJZX/lib/Cake/Model/Model.php(2877): Model->_readDataSource('all', Array)
#8 /Users/justice/PHP/HJZX/lib/Cake/Model/Datasource/DboSource.php(592): Model->find('all', Array)
#9 /Users/justice/PHP/HJZX/lib/Cake/Model/Model.php(800): DboSource->query('findAllByNameAn...', Array, Object(Course))
#10 /Users/justice/PHP/HJZX/app/Controller/UsersController.php(171): Model->__call('findAllByNameAn...', Array)
#11 /Users/justice/PHP/HJZX/app/Controller/UsersController.php(171): Course->findAllByNameAndTeacherName('???????????????...', '?????????')
#12 [internal function]: UsersController->Mobile_register()
#13 /Users/justice/PHP/HJZX/lib/Cake/Controller/Controller.php(490): ReflectionMethod->invokeArgs(Object(UsersController), Array)
#14 /Users/justice/PHP/HJZX/lib/Cake/Routing/Dispatcher.php(191): Controller->invokeAction(Object(CakeRequest))
#15 /Users/justice/PHP/HJZX/lib/Cake/Routing/Dispatcher.php(165): Dispatcher->_invoke(Object(UsersController), Object(CakeRequest))
#16 /Users/justice/PHP/HJZX/app/webroot/index.php(108): Dispatcher->dispatch(Object(CakeRequest), Object(CakeResponse))
#17 {main}
2014-07-03 12:28:20 Error: [MissingControllerException] Controller class ProductController could not be found.
Exception Attributes: array (
  'class' => 'ProductController',
  'plugin' => NULL,
)
Request URL: /Mobile/product/project_list.html
Stack Trace:
#0 /Users/justice/PHP/HJZX/app/webroot/index.php(108): Dispatcher->dispatch(Object(CakeRequest), Object(CakeResponse))
#1 {main}
2014-07-03 12:46:06 Error: Fatal Error (1): Call to a member function find() on a non-object in [/Users/justice/PHP/HJZX/app/Vendor/getCourses.php, line 72]
2014-07-03 12:46:06 Error: [FatalErrorException] Call to a member function find() on a non-object
Request URL: /Mobile/Users/register
Stack Trace:
#0 /Users/justice/PHP/HJZX/lib/Cake/Error/ErrorHandler.php(203): ErrorHandler::handleFatalError(1, 'Call to a membe...', '/Users/justice/...', 72)
#1 [internal function]: ErrorHandler::handleError(1, 'Call to a membe...', '/Users/justice/...', 72, Array)
#2 /Users/justice/PHP/HJZX/lib/Cake/Core/App.php(929): call_user_func('ErrorHandler::h...', 1, 'Call to a membe...', '/Users/justice/...', 72, Array)
#3 /Users/justice/PHP/HJZX/lib/Cake/Core/App.php(902): App::_checkFatalError()
#4 [internal function]: App::shutdown()
#5 {main}
2014-07-03 13:28:57 Error: [PDOException] SQLSTATE[42S22]: Column not found: 1054 Unknown column 'CourseInfo.course_id' in 'field list'
Request URL: /Mobile/Users/register
Stack Trace:
#0 /Users/justice/PHP/HJZX/lib/Cake/Model/Datasource/DboSource.php(458): PDOStatement->execute(Array)
#1 /Users/justice/PHP/HJZX/lib/Cake/Model/Datasource/DboSource.php(424): DboSource->_execute('SELECT `CourseI...', Array)
#2 /Users/justice/PHP/HJZX/lib/Cake/Model/Datasource/DboSource.php(666): DboSource->execute('SELECT `CourseI...', Array, Array)
#3 /Users/justice/PHP/HJZX/lib/Cake/Model/Datasource/DboSource.php(1421): DboSource->fetchAll('SELECT `CourseI...', false)
#4 /Users/justice/PHP/HJZX/lib/Cake/Model/Datasource/DboSource.php(1259): DboSource->_fetchHasMany(Object(Course), 'SELECT `CourseI...', Array)
#5 /Users/justice/PHP/HJZX/lib/Cake/Model/Datasource/DboSource.php(1142): DboSource->queryAssociation(Object(Course), Object(CourseInfo), 'hasMany', 'CourseInfo', Array, Array, true, Array, 0, Array)
#6 /Users/justice/PHP/HJZX/lib/Cake/Model/Model.php(2905): DboSource->read(Object(Course), Array)
#7 /Users/justice/PHP/HJZX/lib/Cake/Model/Model.php(2877): Model->_readDataSource('all', Array)
#8 /Users/justice/PHP/HJZX/lib/Cake/Model/Datasource/DboSource.php(592): Model->find('all', Array)
#9 /Users/justice/PHP/HJZX/lib/Cake/Model/Model.php(800): DboSource->query('findAllByNameAn...', Array, Object(Course))
#10 /Users/justice/PHP/HJZX/app/Controller/UsersController.php(171): Model->__call('findAllByNameAn...', Array)
#11 /Users/justice/PHP/HJZX/app/Controller/UsersController.php(171): Course->findAllByNameAndTeacherName('???????????????...', '?????????')
#12 [internal function]: UsersController->Mobile_register()
#13 /Users/justice/PHP/HJZX/lib/Cake/Controller/Controller.php(490): ReflectionMethod->invokeArgs(Object(UsersController), Array)
#14 /Users/justice/PHP/HJZX/lib/Cake/Routing/Dispatcher.php(191): Controller->invokeAction(Object(CakeRequest))
#15 /Users/justice/PHP/HJZX/lib/Cake/Routing/Dispatcher.php(165): Dispatcher->_invoke(Object(UsersController), Object(CakeRequest))
#16 /Users/justice/PHP/HJZX/app/webroot/index.php(108): Dispatcher->dispatch(Object(CakeRequest), Object(CakeResponse))
#17 {main}
2014-07-03 13:43:27 Error: [MissingConnectionException] Database connection "Mysql" is missing, or could not be created.
Exception Attributes: array (
  'class' => 'Mysql',
  'message' => 'SQLSTATE[42000] [1049] Unknown database \'cake_bbs\'',
  'enabled' => true,
)
Request URL: /Mobile/Users/login
Stack Trace:
#0 /Users/justice/PHP/HJZX/lib/Cake/Model/Datasource/DboSource.php(260): Mysql->connect()
#1 /Users/justice/PHP/HJZX/lib/Cake/Model/ConnectionManager.php(105): DboSource->__construct(Array)
#2 /Users/justice/PHP/HJZX/lib/Cake/Model/Model.php(3479): ConnectionManager::getDataSource('default')
#3 /Users/justice/PHP/HJZX/lib/Cake/Model/Model.php(1128): Model->setDataSource('default')
#4 /Users/justice/PHP/HJZX/lib/Cake/Model/Model.php(3501): Model->setSource('users')
#5 /Users/justice/PHP/HJZX/lib/Cake/Model/Model.php(800): Model->getDataSource()
#6 /Users/justice/PHP/HJZX/app/Controller/UsersController.php(221): Model->__call('findByEmail', Array)
#7 /Users/justice/PHP/HJZX/app/Controller/UsersController.php(221): User->findByEmail('740221788qq.com')
#8 [internal function]: UsersController->Mobile_login()
#9 /Users/justice/PHP/HJZX/lib/Cake/Controller/Controller.php(490): ReflectionMethod->invokeArgs(Object(UsersController), Array)
#10 /Users/justice/PHP/HJZX/lib/Cake/Routing/Dispatcher.php(191): Controller->invokeAction(Object(CakeRequest))
#11 /Users/justice/PHP/HJZX/lib/Cake/Routing/Dispatcher.php(165): Dispatcher->_invoke(Object(UsersController), Object(CakeRequest))
#12 /Users/justice/PHP/HJZX/app/webroot/index.php(108): Dispatcher->dispatch(Object(CakeRequest), Object(CakeResponse))
#13 {main}
